<?xml version="1.0" encoding="UTF-8"?>
<testsuite name="com.marchrich.findmyclass.ApplicationTests" tests="1" skipped="0" failures="0" errors="0" timestamp="2021-04-24T07:44:18" hostname="DESKTOP-UK9VMDU" time="0.35">
  <properties/>
  <testcase name="contextLoads()" classname="com.marchrich.findmyclass.ApplicationTests" time="0.35"/>
  <system-out><![CDATA[16:43:57.375 [Test worker] DEBUG org.springframework.test.context.BootstrapUtils - Instantiating CacheAwareContextLoaderDelegate from class [org.springframework.test.context.cache.DefaultCacheAwareContextLoaderDelegate]
16:43:57.428 [Test worker] DEBUG org.springframework.test.context.BootstrapUtils - Instantiating BootstrapContext using constructor [public org.springframework.test.context.support.DefaultBootstrapContext(java.lang.Class,org.springframework.test.context.CacheAwareContextLoaderDelegate)]
16:43:57.556 [Test worker] DEBUG org.springframework.test.context.BootstrapUtils - Instantiating TestContextBootstrapper for test class [com.marchrich.findmyclass.ApplicationTests] from class [org.springframework.boot.test.context.SpringBootTestContextBootstrapper]
16:43:57.613 [Test worker] INFO org.springframework.boot.test.context.SpringBootTestContextBootstrapper - Neither @ContextConfiguration nor @ContextHierarchy found for test class [com.marchrich.findmyclass.ApplicationTests], using SpringBootContextLoader
16:43:57.630 [Test worker] DEBUG org.springframework.test.context.support.AbstractContextLoader - Did not detect default resource location for test class [com.marchrich.findmyclass.ApplicationTests]: class path resource [com/marchrich/findmyclass/ApplicationTests-context.xml] does not exist
16:43:57.632 [Test worker] DEBUG org.springframework.test.context.support.AbstractContextLoader - Did not detect default resource location for test class [com.marchrich.findmyclass.ApplicationTests]: class path resource [com/marchrich/findmyclass/ApplicationTestsContext.groovy] does not exist
16:43:57.633 [Test worker] INFO org.springframework.test.context.support.AbstractContextLoader - Could not detect default resource locations for test class [com.marchrich.findmyclass.ApplicationTests]: no resource found for suffixes {-context.xml, Context.groovy}.
16:43:57.635 [Test worker] INFO org.springframework.test.context.support.AnnotationConfigContextLoaderUtils - Could not detect default configuration classes for test class [com.marchrich.findmyclass.ApplicationTests]: ApplicationTests does not declare any static, non-private, non-final, nested classes annotated with @Configuration.
16:43:57.811 [Test worker] DEBUG org.springframework.test.context.support.ActiveProfilesUtils - Could not find an 'annotation declaring class' for annotation type [org.springframework.test.context.ActiveProfiles] and class [com.marchrich.findmyclass.ApplicationTests]
16:43:58.139 [Test worker] DEBUG org.springframework.context.annotation.ClassPathScanningCandidateComponentProvider - Identified candidate component class: file [C:\Users\tlagy\Desktop\개발 공부\프로젝트\findMyClass-springboot2-webservice\build\classes\java\main\com\marchrich\findmyclass\Application.class]
16:43:58.147 [Test worker] INFO org.springframework.boot.test.context.SpringBootTestContextBootstrapper - Found @SpringBootConfiguration com.marchrich.findmyclass.Application for test class com.marchrich.findmyclass.ApplicationTests
16:43:58.599 [Test worker] DEBUG org.springframework.boot.test.context.SpringBootTestContextBootstrapper - @TestExecutionListeners is not present for class [com.marchrich.findmyclass.ApplicationTests]: using defaults.
16:43:58.602 [Test worker] INFO org.springframework.boot.test.context.SpringBootTestContextBootstrapper - Loaded default TestExecutionListener class names from location [META-INF/spring.factories]: [org.springframework.boot.test.autoconfigure.restdocs.RestDocsTestExecutionListener, org.springframework.boot.test.autoconfigure.web.client.MockRestServiceServerResetTestExecutionListener, org.springframework.boot.test.autoconfigure.web.servlet.MockMvcPrintOnlyOnFailureTestExecutionListener, org.springframework.boot.test.autoconfigure.web.servlet.WebDriverTestExecutionListener, org.springframework.boot.test.autoconfigure.webservices.client.MockWebServiceServerTestExecutionListener, org.springframework.boot.test.mock.mockito.MockitoTestExecutionListener, org.springframework.boot.test.mock.mockito.ResetMocksTestExecutionListener, org.springframework.test.context.web.ServletTestExecutionListener, org.springframework.test.context.support.DirtiesContextBeforeModesTestExecutionListener, org.springframework.test.context.event.ApplicationEventsTestExecutionListener, org.springframework.test.context.support.DependencyInjectionTestExecutionListener, org.springframework.test.context.support.DirtiesContextTestExecutionListener, org.springframework.test.context.transaction.TransactionalTestExecutionListener, org.springframework.test.context.jdbc.SqlScriptsTestExecutionListener, org.springframework.test.context.event.EventPublishingTestExecutionListener]
16:43:58.703 [Test worker] INFO org.springframework.boot.test.context.SpringBootTestContextBootstrapper - Using TestExecutionListeners: [org.springframework.test.context.web.ServletTestExecutionListener@3466d617, org.springframework.test.context.support.DirtiesContextBeforeModesTestExecutionListener@50c23b27, org.springframework.test.context.event.ApplicationEventsTestExecutionListener@305d06e8, org.springframework.boot.test.mock.mockito.MockitoTestExecutionListener@3a2065d6, org.springframework.boot.test.autoconfigure.SpringBootDependencyInjectionTestExecutionListener@3874daeb, org.springframework.test.context.support.DirtiesContextTestExecutionListener@792ed5c1, org.springframework.test.context.transaction.TransactionalTestExecutionListener@219ce64a, org.springframework.test.context.jdbc.SqlScriptsTestExecutionListener@18ab397a, org.springframework.test.context.event.EventPublishingTestExecutionListener@6161b06, org.springframework.boot.test.autoconfigure.restdocs.RestDocsTestExecutionListener@91946d8, org.springframework.boot.test.autoconfigure.web.client.MockRestServiceServerResetTestExecutionListener@4f714f07, org.springframework.boot.test.autoconfigure.web.servlet.MockMvcPrintOnlyOnFailureTestExecutionListener@e50cf7a, org.springframework.boot.test.autoconfigure.web.servlet.WebDriverTestExecutionListener@38282b9d, org.springframework.boot.test.autoconfigure.webservices.client.MockWebServiceServerTestExecutionListener@7b4495c6, org.springframework.boot.test.mock.mockito.ResetMocksTestExecutionListener@3e88f4de]
16:43:58.718 [Test worker] DEBUG org.springframework.test.context.support.AbstractDirtiesContextTestExecutionListener - Before test class: context [DefaultTestContext@352a7c3f testClass = ApplicationTests, testInstance = [null], testMethod = [null], testException = [null], mergedContextConfiguration = [WebMergedContextConfiguration@30ebc489 testClass = ApplicationTests, locations = '{}', classes = '{class com.marchrich.findmyclass.Application}', contextInitializerClasses = '[]', activeProfiles = '{}', propertySourceLocations = '{}', propertySourceProperties = '{org.springframework.boot.test.context.SpringBootTestContextBootstrapper=true}', contextCustomizers = set[org.springframework.boot.test.autoconfigure.actuate.metrics.MetricsExportContextCustomizerFactory$DisableMetricExportContextCustomizer@4096c44a, org.springframework.boot.test.autoconfigure.properties.PropertyMappingContextCustomizer@0, org.springframework.boot.test.autoconfigure.web.servlet.WebDriverContextCustomizerFactory$Customizer@18506655, org.springframework.boot.test.context.filter.ExcludeFilterContextCustomizer@3fa1989e, org.springframework.boot.test.json.DuplicateJsonObjectContextCustomizerFactory$DuplicateJsonObjectContextCustomizer@74ec76e8, org.springframework.boot.test.mock.mockito.MockitoContextCustomizer@0, org.springframework.boot.test.web.client.TestRestTemplateContextCustomizer@309176b8, org.springframework.boot.test.context.SpringBootTestArgs@1, org.springframework.boot.test.context.SpringBootTestWebEnvironment@7bc2c2c4], resourceBasePath = 'src/main/webapp', contextLoader = 'org.springframework.boot.test.context.SpringBootContextLoader', parent = [null]], attributes = map['org.springframework.test.context.web.ServletTestExecutionListener.activateListener' -> true]], class annotated with @DirtiesContext [false] with mode [null].
16:43:58.848 [Test worker] DEBUG org.springframework.test.context.support.TestPropertySourceUtils - Adding inlined properties to environment: {spring.jmx.enabled=false, org.springframework.boot.test.context.SpringBootTestContextBootstrapper=true}

  .   ____          _            __ _ _
 /\\ / ___'_ __ _ _(_)_ __  __ _ \ \ \ \
( ( )\___ | '_ | '_| | '_ \/ _` | \ \ \ \
 \\/  ___)| |_)| | | | | || (_| |  ) ) ) )
  '  |____| .__|_| |_|_| |_\__, | / / / /
 =========|_|==============|___/=/_/_/_/
 :: Spring Boot ::                (v2.4.4)

2021-04-24 16:43:59.896  INFO 8724 --- [    Test worker] c.m.findmyclass.ApplicationTests         : Starting ApplicationTests using Java 1.8.0_251 on DESKTOP-UK9VMDU with PID 8724 (started by tlagy in C:\Users\tlagy\Desktop\개발 공부\프로젝트\findMyClass-springboot2-webservice)
2021-04-24 16:43:59.906  INFO 8724 --- [    Test worker] c.m.findmyclass.ApplicationTests         : No active profile set, falling back to default profiles: default
2021-04-24 16:44:02.415  INFO 8724 --- [    Test worker] .s.d.r.c.RepositoryConfigurationDelegate : Bootstrapping Spring Data JPA repositories in DEFAULT mode.
2021-04-24 16:44:02.648  INFO 8724 --- [    Test worker] .s.d.r.c.RepositoryConfigurationDelegate : Finished Spring Data repository scanning in 206 ms. Found 1 JPA repository interfaces.
2021-04-24 16:44:04.669  INFO 8724 --- [    Test worker] com.zaxxer.hikari.HikariDataSource       : HikariPool-1 - Starting...
2021-04-24 16:44:05.628  INFO 8724 --- [    Test worker] com.zaxxer.hikari.HikariDataSource       : HikariPool-1 - Start completed.
2021-04-24 16:44:05.934  INFO 8724 --- [    Test worker] o.hibernate.jpa.internal.util.LogHelper  : HHH000204: Processing PersistenceUnitInfo [name: default]
2021-04-24 16:44:06.229  INFO 8724 --- [    Test worker] org.hibernate.Version                    : HHH000412: Hibernate ORM core version 5.4.29.Final
2021-04-24 16:44:06.914  INFO 8724 --- [    Test worker] o.hibernate.annotations.common.Version   : HCANN000001: Hibernate Commons Annotations {5.1.2.Final}
2021-04-24 16:44:07.657  INFO 8724 --- [    Test worker] org.hibernate.dialect.Dialect            : HHH000400: Using dialect: org.hibernate.dialect.H2Dialect
Hibernate: drop table if exists posts CASCADE 
Hibernate: create table posts (id bigint generated by default as identity, created_date timestamp, modified_date timestamp, author varchar(255), content TEXT not null, title varchar(500) not null, primary key (id))
2021-04-24 16:44:10.274  INFO 8724 --- [    Test worker] o.h.e.t.j.p.i.JtaPlatformInitiator       : HHH000490: Using JtaPlatform implementation: [org.hibernate.engine.transaction.jta.platform.internal.NoJtaPlatform]
2021-04-24 16:44:10.317  INFO 8724 --- [    Test worker] j.LocalContainerEntityManagerFactoryBean : Initialized JPA EntityManagerFactory for persistence unit 'default'
2021-04-24 16:44:13.451  WARN 8724 --- [    Test worker] JpaBaseConfiguration$JpaWebConfiguration : spring.jpa.open-in-view is enabled by default. Therefore, database queries may be performed during view rendering. Explicitly configure spring.jpa.open-in-view to disable this warning
2021-04-24 16:44:14.563  INFO 8724 --- [    Test worker] o.s.s.concurrent.ThreadPoolTaskExecutor  : Initializing ExecutorService 'applicationTaskExecutor'
2021-04-24 16:44:15.558  INFO 8724 --- [    Test worker] o.s.b.a.h2.H2ConsoleAutoConfiguration    : H2 console available at '/h2-console'. Database available at 'jdbc:h2:mem:testdb'
2021-04-24 16:44:16.049  INFO 8724 --- [    Test worker] o.s.b.a.w.s.WelcomePageHandlerMapping    : Adding welcome page template: index
2021-04-24 16:44:18.052  INFO 8724 --- [    Test worker] c.m.findmyclass.ApplicationTests         : Started ApplicationTests in 19.183 seconds (JVM running for 26.888)
]]></system-out>
  <system-err><![CDATA[]]></system-err>
</testsuite>
