<?xml version="1.0" encoding="UTF-8"?>
<testsuite name="com.marchrich.findmyclass.ApplicationTests" tests="1" skipped="0" failures="0" errors="0" timestamp="2021-04-23T17:49:52" hostname="DESKTOP-UK9VMDU" time="0.572">
  <properties/>
  <testcase name="contextLoads()" classname="com.marchrich.findmyclass.ApplicationTests" time="0.572"/>
  <system-out><![CDATA[02:49:33.082 [Test worker] DEBUG org.springframework.test.context.BootstrapUtils - Instantiating CacheAwareContextLoaderDelegate from class [org.springframework.test.context.cache.DefaultCacheAwareContextLoaderDelegate]
02:49:33.136 [Test worker] DEBUG org.springframework.test.context.BootstrapUtils - Instantiating BootstrapContext using constructor [public org.springframework.test.context.support.DefaultBootstrapContext(java.lang.Class,org.springframework.test.context.CacheAwareContextLoaderDelegate)]
02:49:33.250 [Test worker] DEBUG org.springframework.test.context.BootstrapUtils - Instantiating TestContextBootstrapper for test class [com.marchrich.findmyclass.ApplicationTests] from class [org.springframework.boot.test.context.SpringBootTestContextBootstrapper]
02:49:33.296 [Test worker] INFO org.springframework.boot.test.context.SpringBootTestContextBootstrapper - Neither @ContextConfiguration nor @ContextHierarchy found for test class [com.marchrich.findmyclass.ApplicationTests], using SpringBootContextLoader
02:49:33.310 [Test worker] DEBUG org.springframework.test.context.support.AbstractContextLoader - Did not detect default resource location for test class [com.marchrich.findmyclass.ApplicationTests]: class path resource [com/marchrich/findmyclass/ApplicationTests-context.xml] does not exist
02:49:33.311 [Test worker] DEBUG org.springframework.test.context.support.AbstractContextLoader - Did not detect default resource location for test class [com.marchrich.findmyclass.ApplicationTests]: class path resource [com/marchrich/findmyclass/ApplicationTestsContext.groovy] does not exist
02:49:33.312 [Test worker] INFO org.springframework.test.context.support.AbstractContextLoader - Could not detect default resource locations for test class [com.marchrich.findmyclass.ApplicationTests]: no resource found for suffixes {-context.xml, Context.groovy}.
02:49:33.314 [Test worker] INFO org.springframework.test.context.support.AnnotationConfigContextLoaderUtils - Could not detect default configuration classes for test class [com.marchrich.findmyclass.ApplicationTests]: ApplicationTests does not declare any static, non-private, non-final, nested classes annotated with @Configuration.
02:49:33.486 [Test worker] DEBUG org.springframework.test.context.support.ActiveProfilesUtils - Could not find an 'annotation declaring class' for annotation type [org.springframework.test.context.ActiveProfiles] and class [com.marchrich.findmyclass.ApplicationTests]
02:49:33.745 [Test worker] DEBUG org.springframework.context.annotation.ClassPathScanningCandidateComponentProvider - Identified candidate component class: file [C:\Users\tlagy\Desktop\개발 공부\프로젝트\findMyClass-springboot2-webservice\build\classes\java\main\com\marchrich\findmyclass\Application.class]
02:49:33.751 [Test worker] INFO org.springframework.boot.test.context.SpringBootTestContextBootstrapper - Found @SpringBootConfiguration com.marchrich.findmyclass.Application for test class com.marchrich.findmyclass.ApplicationTests
02:49:34.125 [Test worker] DEBUG org.springframework.boot.test.context.SpringBootTestContextBootstrapper - @TestExecutionListeners is not present for class [com.marchrich.findmyclass.ApplicationTests]: using defaults.
02:49:34.127 [Test worker] INFO org.springframework.boot.test.context.SpringBootTestContextBootstrapper - Loaded default TestExecutionListener class names from location [META-INF/spring.factories]: [org.springframework.boot.test.autoconfigure.restdocs.RestDocsTestExecutionListener, org.springframework.boot.test.autoconfigure.web.client.MockRestServiceServerResetTestExecutionListener, org.springframework.boot.test.autoconfigure.web.servlet.MockMvcPrintOnlyOnFailureTestExecutionListener, org.springframework.boot.test.autoconfigure.web.servlet.WebDriverTestExecutionListener, org.springframework.boot.test.autoconfigure.webservices.client.MockWebServiceServerTestExecutionListener, org.springframework.boot.test.mock.mockito.MockitoTestExecutionListener, org.springframework.boot.test.mock.mockito.ResetMocksTestExecutionListener, org.springframework.test.context.web.ServletTestExecutionListener, org.springframework.test.context.support.DirtiesContextBeforeModesTestExecutionListener, org.springframework.test.context.event.ApplicationEventsTestExecutionListener, org.springframework.test.context.support.DependencyInjectionTestExecutionListener, org.springframework.test.context.support.DirtiesContextTestExecutionListener, org.springframework.test.context.transaction.TransactionalTestExecutionListener, org.springframework.test.context.jdbc.SqlScriptsTestExecutionListener, org.springframework.test.context.event.EventPublishingTestExecutionListener]
02:49:34.204 [Test worker] INFO org.springframework.boot.test.context.SpringBootTestContextBootstrapper - Using TestExecutionListeners: [org.springframework.test.context.web.ServletTestExecutionListener@337f3f75, org.springframework.test.context.support.DirtiesContextBeforeModesTestExecutionListener@1148df93, org.springframework.test.context.event.ApplicationEventsTestExecutionListener@48dcb6bd, org.springframework.boot.test.mock.mockito.MockitoTestExecutionListener@55f1c28a, org.springframework.boot.test.autoconfigure.SpringBootDependencyInjectionTestExecutionListener@1f3fcbd6, org.springframework.test.context.support.DirtiesContextTestExecutionListener@485c2be5, org.springframework.test.context.transaction.TransactionalTestExecutionListener@6598150d, org.springframework.test.context.jdbc.SqlScriptsTestExecutionListener@3e267ea6, org.springframework.test.context.event.EventPublishingTestExecutionListener@5f2673cf, org.springframework.boot.test.autoconfigure.restdocs.RestDocsTestExecutionListener@768c68cd, org.springframework.boot.test.autoconfigure.web.client.MockRestServiceServerResetTestExecutionListener@53992b6c, org.springframework.boot.test.autoconfigure.web.servlet.MockMvcPrintOnlyOnFailureTestExecutionListener@5ec7bcf7, org.springframework.boot.test.autoconfigure.web.servlet.WebDriverTestExecutionListener@329314eb, org.springframework.boot.test.autoconfigure.webservices.client.MockWebServiceServerTestExecutionListener@274cd874, org.springframework.boot.test.mock.mockito.ResetMocksTestExecutionListener@3d1455ba]
02:49:34.218 [Test worker] DEBUG org.springframework.test.context.support.AbstractDirtiesContextTestExecutionListener - Before test class: context [DefaultTestContext@90a9737 testClass = ApplicationTests, testInstance = [null], testMethod = [null], testException = [null], mergedContextConfiguration = [WebMergedContextConfiguration@5931cb5c testClass = ApplicationTests, locations = '{}', classes = '{class com.marchrich.findmyclass.Application}', contextInitializerClasses = '[]', activeProfiles = '{}', propertySourceLocations = '{}', propertySourceProperties = '{org.springframework.boot.test.context.SpringBootTestContextBootstrapper=true}', contextCustomizers = set[org.springframework.boot.test.autoconfigure.actuate.metrics.MetricsExportContextCustomizerFactory$DisableMetricExportContextCustomizer@13661a, org.springframework.boot.test.autoconfigure.properties.PropertyMappingContextCustomizer@0, org.springframework.boot.test.autoconfigure.web.servlet.WebDriverContextCustomizerFactory$Customizer@6df45605, org.springframework.boot.test.context.filter.ExcludeFilterContextCustomizer@bb5ef9, org.springframework.boot.test.json.DuplicateJsonObjectContextCustomizerFactory$DuplicateJsonObjectContextCustomizer@6c7b5de8, org.springframework.boot.test.mock.mockito.MockitoContextCustomizer@0, org.springframework.boot.test.web.client.TestRestTemplateContextCustomizer@5670e161, org.springframework.boot.test.context.SpringBootTestArgs@1, org.springframework.boot.test.context.SpringBootTestWebEnvironment@3d00f409], resourceBasePath = 'src/main/webapp', contextLoader = 'org.springframework.boot.test.context.SpringBootContextLoader', parent = [null]], attributes = map['org.springframework.test.context.web.ServletTestExecutionListener.activateListener' -> true]], class annotated with @DirtiesContext [false] with mode [null].
02:49:34.339 [Test worker] DEBUG org.springframework.test.context.support.TestPropertySourceUtils - Adding inlined properties to environment: {spring.jmx.enabled=false, org.springframework.boot.test.context.SpringBootTestContextBootstrapper=true}

  .   ____          _            __ _ _
 /\\ / ___'_ __ _ _(_)_ __  __ _ \ \ \ \
( ( )\___ | '_ | '_| | '_ \/ _` | \ \ \ \
 \\/  ___)| |_)| | | | | || (_| |  ) ) ) )
  '  |____| .__|_| |_|_| |_\__, | / / / /
 =========|_|==============|___/=/_/_/_/
 :: Spring Boot ::                (v2.4.4)

2021-04-24 02:49:35.381  INFO 264 --- [    Test worker] c.m.findmyclass.ApplicationTests         : Starting ApplicationTests using Java 1.8.0_251 on DESKTOP-UK9VMDU with PID 264 (started by tlagy in C:\Users\tlagy\Desktop\개발 공부\프로젝트\findMyClass-springboot2-webservice)
2021-04-24 02:49:35.390  INFO 264 --- [    Test worker] c.m.findmyclass.ApplicationTests         : No active profile set, falling back to default profiles: default
2021-04-24 02:49:37.746  INFO 264 --- [    Test worker] .s.d.r.c.RepositoryConfigurationDelegate : Bootstrapping Spring Data JPA repositories in DEFAULT mode.
2021-04-24 02:49:38.005  INFO 264 --- [    Test worker] .s.d.r.c.RepositoryConfigurationDelegate : Finished Spring Data repository scanning in 222 ms. Found 1 JPA repository interfaces.
2021-04-24 02:49:39.941  INFO 264 --- [    Test worker] com.zaxxer.hikari.HikariDataSource       : HikariPool-1 - Starting...
2021-04-24 02:49:40.772  INFO 264 --- [    Test worker] com.zaxxer.hikari.HikariDataSource       : HikariPool-1 - Start completed.
2021-04-24 02:49:41.064  INFO 264 --- [    Test worker] o.hibernate.jpa.internal.util.LogHelper  : HHH000204: Processing PersistenceUnitInfo [name: default]
2021-04-24 02:49:41.324  INFO 264 --- [    Test worker] org.hibernate.Version                    : HHH000412: Hibernate ORM core version 5.4.29.Final
2021-04-24 02:49:41.976  INFO 264 --- [    Test worker] o.hibernate.annotations.common.Version   : HCANN000001: Hibernate Commons Annotations {5.1.2.Final}
2021-04-24 02:49:42.666  INFO 264 --- [    Test worker] org.hibernate.dialect.Dialect            : HHH000400: Using dialect: org.hibernate.dialect.H2Dialect
Hibernate: drop table if exists posts CASCADE 
Hibernate: create table posts (id bigint generated by default as identity, created_date timestamp, modified_date timestamp, author varchar(255), content TEXT not null, title varchar(500) not null, primary key (id))
2021-04-24 02:49:45.248  INFO 264 --- [    Test worker] o.h.e.t.j.p.i.JtaPlatformInitiator       : HHH000490: Using JtaPlatform implementation: [org.hibernate.engine.transaction.jta.platform.internal.NoJtaPlatform]
2021-04-24 02:49:45.288  INFO 264 --- [    Test worker] j.LocalContainerEntityManagerFactoryBean : Initialized JPA EntityManagerFactory for persistence unit 'default'
2021-04-24 02:49:48.295  WARN 264 --- [    Test worker] JpaBaseConfiguration$JpaWebConfiguration : spring.jpa.open-in-view is enabled by default. Therefore, database queries may be performed during view rendering. Explicitly configure spring.jpa.open-in-view to disable this warning
2021-04-24 02:49:49.404  INFO 264 --- [    Test worker] o.s.s.concurrent.ThreadPoolTaskExecutor  : Initializing ExecutorService 'applicationTaskExecutor'
2021-04-24 02:49:50.216  INFO 264 --- [    Test worker] o.s.b.a.h2.H2ConsoleAutoConfiguration    : H2 console available at '/h2-console'. Database available at 'jdbc:h2:mem:testdb'
2021-04-24 02:49:50.694  INFO 264 --- [    Test worker] o.s.b.a.w.s.WelcomePageHandlerMapping    : Adding welcome page template: index
2021-04-24 02:49:52.510  INFO 264 --- [    Test worker] c.m.findmyclass.ApplicationTests         : Started ApplicationTests in 18.149 seconds (JVM running for 25.613)
]]></system-out>
  <system-err><![CDATA[]]></system-err>
</testsuite>
